<?xml version="1.0" encoding="UTF-8"?>
<!-- Generated by org.testng.reporters.JUnitReportReporter -->
<testsuite skipped="0" hostname="CHETUIWK147" name="com.w2a.testcases.LoginTest" tests="1" failures="0" timestamp="05 Jan 2021 15:40:49 GMT" time="0.225" errors="0">
  <testcase name="loginAsBankManager" time="0.225" classname="com.w2a.testcases.LoginTest"/>
</testsuite> <!-- com.w2a.testcases.LoginTest -->
