<?xml version="1.0" encoding="UTF-8"?>
<!-- Generated by org.testng.reporters.JUnitReportReporter -->
<testsuite skipped="1" hostname="Mo-na-Milan" name="com.w2a.testcases.OpenAccountTest" tests="1" failures="0" timestamp="16 Jun 2021 17:44:39 GMT" time="0.006" errors="0">
  <testcase name="openAccountTest" time="0.006" classname="com.w2a.testcases.OpenAccountTest">
    <skipped/>
  </testcase> <!-- openAccountTest -->
</testsuite> <!-- com.w2a.testcases.OpenAccountTest -->
