<?xml version="1.0" encoding="UTF-8"?>
<!-- Generated by org.testng.reporters.JUnitReportReporter -->
<testsuite skipped="1" hostname="Mo-na-Milan" name="com.w2a.testcases.AddCustomerTest" tests="4" failures="0" timestamp="16 Jun 2021 17:44:39 GMT" time="3.170" errors="0">
  <testcase name="addCustomerTest" time="0.720" classname="com.w2a.testcases.AddCustomerTest"/>
  <testcase name="addCustomerTest" time="0.004" classname="com.w2a.testcases.AddCustomerTest">
    <skipped/>
  </testcase> <!-- addCustomerTest -->
  <testcase name="addCustomerTest" time="0.912" classname="com.w2a.testcases.AddCustomerTest"/>
  <testcase name="addCustomerTest" time="1.534" classname="com.w2a.testcases.AddCustomerTest"/>
</testsuite> <!-- com.w2a.testcases.AddCustomerTest -->
